<?xml version="1.0" encoding="UTF-8"?>
<testsuite name="Test Search Function"
           tests="2"
           failures="0"
           errors="0"
           skipped="0"
           time="5.426">
    <properties></properties>



            <testcase
                name="tc0008_search_products_test"
                time="2.599"
                classname="com.alexandnova.dharapatel.testcases.SearchProductsTest">
            </testcase>
            <testcase
                name="tc0009_search_with_blank_search_field_test"
                time="2.827"
                classname="com.alexandnova.dharapatel.testcases.SearchProductsTest">
            </testcase>
</testsuite>
